<?xml version="1.0" encoding="UTF-8"?>
<!-- Generated by org.testng.reporters.JUnitReportReporter -->
<testsuite hostname="SUPREME" failures="0" tests="3" name="TestNG.priority" time="0.013" errors="0" timestamp="2024-01-08T17:47:14 IST" skipped="0">
  <testcase classname="TestNG.priority" name="a" time="0.010"/>
  <system-out>
Ram  </system-out>
  <testcase classname="TestNG.priority" name="c" time="0.002"/>
  <system-out>
Hanuman  </system-out>
  <testcase classname="TestNG.priority" name="b" time="0.001"/>
  <system-out>
Sita  </system-out>
</testsuite> <!-- TestNG.priority -->
